<?xml version="1.0" encoding="UTF-8"?>
<!-- Generated by org.testng.reporters.JUnitXMLReporter -->
<testsuite hostname="ness-PC" ignored="0" name="Test_runner_01" tests="3" failures="0" timestamp="2021-05-04T15:01:08 IST" time="244.905" errors="0">
  <testcase name="convertLeadToOpportunity" time="177.462" classname="com.crm.vtiger.LeadModuleTests.TC_32_ConvertLeadToOpportunitiesAmount_Test"/>
  <testcase name="convertLeadToOpportunity" time="184.602" classname="com.crm.vtiger.LeadModuleTests.TC_34_ConvertLeadToOpportunitiesEditable_Test"/>
  <testcase name="convertLeadToOpportunity" time="190.503" classname="com.crm.vtiger.LeadModuleTests.TC_35_ConvertLeadToOpportunitiesCheckboxUnSelect_Test"/>
</testsuite> <!-- Test_runner_01 -->
