<?xml version="1.0" encoding="UTF-8"?>
<!-- Generated by org.testng.reporters.JUnitXMLReporter -->
<testsuite hostname="ness-PC" ignored="0" name="Test" tests="1" failures="0" timestamp="2008-01-01T14:18:44 IST" time="0.066" errors="0">
  <testcase name="@BeforeClass configBc" time="-1.19917732421E9" classname="genericUtilsLead.BaseClass">
    <failure type="org.testng.TestNGException" message="
Can inject only one of &amp;lt;ITestContext, XmlTest&amp;gt; into a @BeforeClass annotated configBc.
For more information on native dependency injection please refer to http://testng.org/doc/documentation-main.html#native-dependency-injection">
      <![CDATA[org.testng.TestNGException: 
Can inject only one of <ITestContext, XmlTest> into a @BeforeClass annotated configBc.
For more information on native dependency injection please refer to http://testng.org/doc/documentation-main.html#native-dependency-injection
at java.util.ArrayList.forEach(ArrayList.java:1259)
... Removed 22 stack frames]]>
    </failure>
  </testcase> <!-- @BeforeClass configBc -->
  <testcase name="@BeforeMethod configBM" time="-1.199177324232E9" classname="genericUtilsLead.BaseClass">
    <skipped/>
  </testcase> <!-- @BeforeMethod configBM -->
  <testcase name="@AfterMethod configAM" time="-1.19917732424E9" classname="genericUtilsLead.BaseClass">
    <skipped/>
  </testcase> <!-- @AfterMethod configAM -->
  <testcase name="@AfterClass configAC" time="-1.199177324242E9" classname="genericUtilsLead.BaseClass">
    <skipped/>
  </testcase> <!-- @AfterClass configAC -->
  <testcase name="convertLeadToOpportunity" time="0.0" classname="com.crm.vtiger.LeadModuleTests.TC_31_ConvertLeadToOpportunitiesInvalidDateTest">
    <skipped/>
  </testcase> <!-- convertLeadToOpportunity -->
</testsuite> <!-- Test -->
