<?xml version="1.0" encoding="UTF-8"?>
<testng-results skipped="0" failed="0" ignored="0" total="1" passed="1">
  <reporter-output>
  </reporter-output>
  <suite name="Default suite" duration-ms="32147" started-at="2021-05-08T07:35:31 IST" finished-at="2021-05-08T07:36:03 IST">
    <groups>
    </groups>
    <test name="Default test" duration-ms="32147" started-at="2021-05-08T07:35:31 IST" finished-at="2021-05-08T07:36:03 IST">
      <class name="com.crm.vtiger.LeadModuleTests.TC_31_ConvertLeadToOpportunitiesInvalidDateTest">
        <test-method status="PASS" signature="configBS()[pri:0, instance:com.crm.vtiger.LeadModuleTests.TC_31_ConvertLeadToOpportunitiesInvalidDateTest@13f88ab]" name="configBS" is-config="true" duration-ms="23" started-at="2021-05-08T07:35:31 IST" finished-at="2021-05-08T07:35:31 IST">
          <reporter-output>
          </reporter-output>
        </test-method> <!-- configBS -->
        <test-method status="PASS" signature="configBT()[pri:0, instance:com.crm.vtiger.LeadModuleTests.TC_31_ConvertLeadToOpportunitiesInvalidDateTest@13f88ab]" name="configBT" is-config="true" duration-ms="1" started-at="2021-05-08T07:35:31 IST" finished-at="2021-05-08T07:35:31 IST">
          <reporter-output>
          </reporter-output>
        </test-method> <!-- configBT -->
        <test-method status="PASS" signature="configBC(java.lang.String)[pri:0, instance:com.crm.vtiger.LeadModuleTests.TC_31_ConvertLeadToOpportunitiesInvalidDateTest@13f88ab]" name="configBC" is-config="true" duration-ms="3037" started-at="2021-05-08T07:35:31 IST" finished-at="2021-05-08T07:35:34 IST">
          <params>
            <param index="0">
              <value>
                <![CDATA[chrome]]>
              </value>
            </param>
          </params>
          <reporter-output>
          </reporter-output>
        </test-method> <!-- configBC -->
        <test-method status="PASS" signature="setUp()[pri:0, instance:com.crm.vtiger.LeadModuleTests.TC_31_ConvertLeadToOpportunitiesInvalidDateTest@13f88ab]" name="setUp" is-config="true" duration-ms="8994" started-at="2021-05-08T07:35:34 IST" finished-at="2021-05-08T07:35:43 IST">
          <reporter-output>
          </reporter-output>
        </test-method> <!-- setUp -->
        <test-method status="PASS" signature="convertLeadToOpportunity()[pri:0, instance:com.crm.vtiger.LeadModuleTests.TC_31_ConvertLeadToOpportunitiesInvalidDateTest@13f88ab]" name="convertLeadToOpportunity" duration-ms="17799" started-at="2021-05-08T07:35:43 IST" finished-at="2021-05-08T07:36:00 IST">
          <reporter-output>
          </reporter-output>
        </test-method> <!-- convertLeadToOpportunity -->
        <test-method status="PASS" signature="tearDown()[pri:0, instance:com.crm.vtiger.LeadModuleTests.TC_31_ConvertLeadToOpportunitiesInvalidDateTest@13f88ab]" name="tearDown" is-config="true" duration-ms="1393" started-at="2021-05-08T07:36:00 IST" finished-at="2021-05-08T07:36:02 IST">
          <reporter-output>
          </reporter-output>
        </test-method> <!-- tearDown -->
        <test-method status="PASS" signature="configAC()[pri:0, instance:com.crm.vtiger.LeadModuleTests.TC_31_ConvertLeadToOpportunitiesInvalidDateTest@13f88ab]" name="configAC" is-config="true" duration-ms="793" started-at="2021-05-08T07:36:02 IST" finished-at="2021-05-08T07:36:03 IST">
          <reporter-output>
          </reporter-output>
        </test-method> <!-- configAC -->
        <test-method status="PASS" signature="configAT()[pri:0, instance:com.crm.vtiger.LeadModuleTests.TC_31_ConvertLeadToOpportunitiesInvalidDateTest@13f88ab]" name="configAT" is-config="true" duration-ms="0" started-at="2021-05-08T07:36:03 IST" finished-at="2021-05-08T07:36:03 IST">
          <reporter-output>
          </reporter-output>
        </test-method> <!-- configAT -->
        <test-method status="PASS" signature="configAS()[pri:0, instance:com.crm.vtiger.LeadModuleTests.TC_31_ConvertLeadToOpportunitiesInvalidDateTest@13f88ab]" name="configAS" is-config="true" duration-ms="1" started-at="2021-05-08T07:36:03 IST" finished-at="2021-05-08T07:36:03 IST">
          <reporter-output>
          </reporter-output>
        </test-method> <!-- configAS -->
      </class> <!-- com.crm.vtiger.LeadModuleTests.TC_31_ConvertLeadToOpportunitiesInvalidDateTest -->
    </test> <!-- Default test -->
  </suite> <!-- Default suite -->
</testng-results>
